Performing C SOURCE FILE Test CMAKE_HAVE_LIBC_PTHREAD failed with the following output:
Change Dir: /home/song/Music/rv_detector/build/CMakeFiles/CMakeTmp

Run Build Command(s):/usr/bin/make -f Makefile cmTC_a6d09/fast && /usr/bin/make  -f CMakeFiles/cmTC_a6d09.dir/build.make CMakeFiles/cmTC_a6d09.dir/build
make[1]: 进入目录“/home/song/Music/rv_detector/build/CMakeFiles/CMakeTmp”
Building C object CMakeFiles/cmTC_a6d09.dir/src.c.o
/usr/bin/cc -DCMAKE_HAVE_LIBC_PTHREAD   -o CMakeFiles/cmTC_a6d09.dir/src.c.o -c /home/song/Music/rv_detector/build/CMakeFiles/CMakeTmp/src.c
Linking C executable cmTC_a6d09
/usr/local/bin/cmake -E cmake_link_script CMakeFiles/cmTC_a6d09.dir/link.txt --verbose=1
/usr/bin/cc CMakeFiles/cmTC_a6d09.dir/src.c.o -o cmTC_a6d09 
/usr/bin/ld: CMakeFiles/cmTC_a6d09.dir/src.c.o: in function `main':
src.c:(.text+0x46): undefined reference to `pthread_create'
/usr/bin/ld: src.c:(.text+0x52): undefined reference to `pthread_detach'
/usr/bin/ld: src.c:(.text+0x5e): undefined reference to `pthread_cancel'
/usr/bin/ld: src.c:(.text+0x6f): undefined reference to `pthread_join'
collect2: error: ld returned 1 exit status
make[1]: *** [CMakeFiles/cmTC_a6d09.dir/build.make:99：cmTC_a6d09] 错误 1
make[1]: 离开目录“/home/song/Music/rv_detector/build/CMakeFiles/CMakeTmp”
make: *** [Makefile:127：cmTC_a6d09/fast] 错误 2


Source file was:
#include <pthread.h>

static void* test_func(void* data)
{
  return data;
}

int main(void)
{
  pthread_t thread;
  pthread_create(&thread, NULL, test_func, NULL);
  pthread_detach(thread);
  pthread_cancel(thread);
  pthread_join(thread, NULL);
  pthread_atfork(NULL, NULL, NULL);
  pthread_exit(NULL);

  return 0;
}

Determining if the function pthread_create exists in the pthreads failed with the following output:
Change Dir: /home/song/Music/rv_detector/build/CMakeFiles/CMakeTmp

Run Build Command(s):/usr/bin/make -f Makefile cmTC_775fa/fast && /usr/bin/make  -f CMakeFiles/cmTC_775fa.dir/build.make CMakeFiles/cmTC_775fa.dir/build
make[1]: 进入目录“/home/song/Music/rv_detector/build/CMakeFiles/CMakeTmp”
Building C object CMakeFiles/cmTC_775fa.dir/CheckFunctionExists.c.o
/usr/bin/cc   -DCHECK_FUNCTION_EXISTS=pthread_create -o CMakeFiles/cmTC_775fa.dir/CheckFunctionExists.c.o -c /usr/local/share/cmake-3.23/Modules/CheckFunctionExists.c
Linking C executable cmTC_775fa
/usr/local/bin/cmake -E cmake_link_script CMakeFiles/cmTC_775fa.dir/link.txt --verbose=1
/usr/bin/cc  -DCHECK_FUNCTION_EXISTS=pthread_create CMakeFiles/cmTC_775fa.dir/CheckFunctionExists.c.o -o cmTC_775fa  -lpthreads 
/usr/bin/ld: 找不到 -lpthreads
collect2: error: ld returned 1 exit status
make[1]: *** [CMakeFiles/cmTC_775fa.dir/build.make:99：cmTC_775fa] 错误 1
make[1]: 离开目录“/home/song/Music/rv_detector/build/CMakeFiles/CMakeTmp”
make: *** [Makefile:127：cmTC_775fa/fast] 错误 2



Determining if the function sgemm_ exists failed with the following output:
Change Dir: /home/song/Music/rv_detector/build/CMakeFiles/CMakeTmp

Run Build Command(s):/usr/bin/make -f Makefile cmTC_d02df/fast && /usr/bin/make  -f CMakeFiles/cmTC_d02df.dir/build.make CMakeFiles/cmTC_d02df.dir/build
make[1]: 进入目录“/home/song/Music/rv_detector/build/CMakeFiles/CMakeTmp”
Building C object CMakeFiles/cmTC_d02df.dir/CheckFunctionExists.c.o
/usr/bin/cc   -DCHECK_FUNCTION_EXISTS=sgemm_ -o CMakeFiles/cmTC_d02df.dir/CheckFunctionExists.c.o -c /usr/local/share/cmake-3.23/Modules/CheckFunctionExists.c
Linking C executable cmTC_d02df
/usr/local/bin/cmake -E cmake_link_script CMakeFiles/cmTC_d02df.dir/link.txt --verbose=1
/usr/bin/cc  -DCHECK_FUNCTION_EXISTS=sgemm_ CMakeFiles/cmTC_d02df.dir/CheckFunctionExists.c.o -o cmTC_d02df 
/usr/bin/ld: CMakeFiles/cmTC_d02df.dir/CheckFunctionExists.c.o: in function `main':
CheckFunctionExists.c:(.text+0x14): undefined reference to `sgemm_'
collect2: error: ld returned 1 exit status
make[1]: *** [CMakeFiles/cmTC_d02df.dir/build.make:99：cmTC_d02df] 错误 1
make[1]: 离开目录“/home/song/Music/rv_detector/build/CMakeFiles/CMakeTmp”
make: *** [Makefile:127：cmTC_d02df/fast] 错误 2



Determining if the function cheev_ exists failed with the following output:
Change Dir: /home/song/Music/rv_detector/build/CMakeFiles/CMakeTmp

Run Build Command(s):/usr/bin/make -f Makefile cmTC_60b40/fast && /usr/bin/make  -f CMakeFiles/cmTC_60b40.dir/build.make CMakeFiles/cmTC_60b40.dir/build
make[1]: 进入目录“/home/song/Music/rv_detector/build/CMakeFiles/CMakeTmp”
Building C object CMakeFiles/cmTC_60b40.dir/CheckFunctionExists.c.o
/usr/bin/cc   -DCHECK_FUNCTION_EXISTS=cheev_ -o CMakeFiles/cmTC_60b40.dir/CheckFunctionExists.c.o -c /usr/local/share/cmake-3.23/Modules/CheckFunctionExists.c
Linking C executable cmTC_60b40
/usr/local/bin/cmake -E cmake_link_script CMakeFiles/cmTC_60b40.dir/link.txt --verbose=1
/usr/bin/cc  -DCHECK_FUNCTION_EXISTS=cheev_ CMakeFiles/cmTC_60b40.dir/CheckFunctionExists.c.o -o cmTC_60b40  /usr/lib/x86_64-linux-gnu/libblas.so /usr/lib/x86_64-linux-gnu/libf77blas.so /usr/lib/x86_64-linux-gnu/libatlas.so -lpthread -lm -ldl 
/usr/bin/ld: CMakeFiles/cmTC_60b40.dir/CheckFunctionExists.c.o: in function `main':
CheckFunctionExists.c:(.text+0x14): undefined reference to `cheev_'
collect2: error: ld returned 1 exit status
make[1]: *** [CMakeFiles/cmTC_60b40.dir/build.make:102：cmTC_60b40] 错误 1
make[1]: 离开目录“/home/song/Music/rv_detector/build/CMakeFiles/CMakeTmp”
make: *** [Makefile:127：cmTC_60b40/fast] 错误 2



Determining if the function cheev_ exists failed with the following output:
Change Dir: /home/song/Music/rv_detector/build/CMakeFiles/CMakeTmp

Run Build Command(s):/usr/bin/make -f Makefile cmTC_e4bdd/fast && /usr/bin/make  -f CMakeFiles/cmTC_e4bdd.dir/build.make CMakeFiles/cmTC_e4bdd.dir/build
make[1]: 进入目录“/home/song/Music/rv_detector/build/CMakeFiles/CMakeTmp”
Building C object CMakeFiles/cmTC_e4bdd.dir/CheckFunctionExists.c.o
/usr/bin/cc   -DCHECK_FUNCTION_EXISTS=cheev_ -o CMakeFiles/cmTC_e4bdd.dir/CheckFunctionExists.c.o -c /usr/local/share/cmake-3.23/Modules/CheckFunctionExists.c
Linking C executable cmTC_e4bdd
/usr/local/bin/cmake -E cmake_link_script CMakeFiles/cmTC_e4bdd.dir/link.txt --verbose=1
/usr/bin/cc  -DCHECK_FUNCTION_EXISTS=cheev_ CMakeFiles/cmTC_e4bdd.dir/CheckFunctionExists.c.o -o cmTC_e4bdd  /usr/lib/x86_64-linux-gnu/liblapack.so /usr/lib/x86_64-linux-gnu/libblas.so /usr/lib/x86_64-linux-gnu/libf77blas.so /usr/lib/x86_64-linux-gnu/libatlas.so -fortranlibs 
cc: error: unrecognized command line option ‘-fortranlibs’
make[1]: *** [CMakeFiles/cmTC_e4bdd.dir/build.make:103：cmTC_e4bdd] 错误 1
make[1]: 离开目录“/home/song/Music/rv_detector/build/CMakeFiles/CMakeTmp”
make: *** [Makefile:127：cmTC_e4bdd/fast] 错误 2



Performing C SOURCE FILE Test CMAKE_HAVE_LIBC_PTHREAD failed with the following output:
Change Dir: /home/song/Music/rv_detector/build/CMakeFiles/CMakeTmp

Run Build Command(s):/usr/bin/ninja cmTC_7e6c0 && [1/2] Building C object CMakeFiles/cmTC_7e6c0.dir/src.c.o
[2/2] Linking C executable cmTC_7e6c0
FAILED: cmTC_7e6c0 
: && /usr/bin/gcc   CMakeFiles/cmTC_7e6c0.dir/src.c.o -o cmTC_7e6c0   && :
/usr/bin/ld: CMakeFiles/cmTC_7e6c0.dir/src.c.o: in function `main':
src.c:(.text+0x46): undefined reference to `pthread_create'
/usr/bin/ld: src.c:(.text+0x52): undefined reference to `pthread_detach'
/usr/bin/ld: src.c:(.text+0x5e): undefined reference to `pthread_cancel'
/usr/bin/ld: src.c:(.text+0x6f): undefined reference to `pthread_join'
collect2: error: ld returned 1 exit status
ninja: build stopped: subcommand failed.


Source file was:
#include <pthread.h>

static void* test_func(void* data)
{
  return data;
}

int main(void)
{
  pthread_t thread;
  pthread_create(&thread, NULL, test_func, NULL);
  pthread_detach(thread);
  pthread_cancel(thread);
  pthread_join(thread, NULL);
  pthread_atfork(NULL, NULL, NULL);
  pthread_exit(NULL);

  return 0;
}

Determining if the function pthread_create exists in the pthreads failed with the following output:
Change Dir: /home/song/Music/rv_detector/build/CMakeFiles/CMakeTmp

Run Build Command(s):/usr/bin/ninja cmTC_8bbcd && [1/2] Building C object CMakeFiles/cmTC_8bbcd.dir/CheckFunctionExists.c.o
[2/2] Linking C executable cmTC_8bbcd
FAILED: cmTC_8bbcd 
: && /usr/bin/gcc -DCHECK_FUNCTION_EXISTS=pthread_create  CMakeFiles/cmTC_8bbcd.dir/CheckFunctionExists.c.o -o cmTC_8bbcd  -lpthreads && :
/usr/bin/ld: 找不到 -lpthreads
collect2: error: ld returned 1 exit status
ninja: build stopped: subcommand failed.



Determining if the function sgemm_ exists failed with the following output:
Change Dir: /home/song/Music/rv_detector/build/CMakeFiles/CMakeTmp

Run Build Command(s):/usr/bin/ninja cmTC_cdebf && [1/2] Building C object CMakeFiles/cmTC_cdebf.dir/CheckFunctionExists.c.o
[2/2] Linking C executable cmTC_cdebf
FAILED: cmTC_cdebf 
: && /usr/bin/gcc -DCHECK_FUNCTION_EXISTS=sgemm_  CMakeFiles/cmTC_cdebf.dir/CheckFunctionExists.c.o -o cmTC_cdebf   && :
/usr/bin/ld: CMakeFiles/cmTC_cdebf.dir/CheckFunctionExists.c.o: in function `main':
CheckFunctionExists.c:(.text+0x14): undefined reference to `sgemm_'
collect2: error: ld returned 1 exit status
ninja: build stopped: subcommand failed.



Determining if the function cheev_ exists failed with the following output:
Change Dir: /home/song/Music/rv_detector/build/CMakeFiles/CMakeTmp

Run Build Command(s):/usr/bin/ninja cmTC_f88da && [1/2] Building C object CMakeFiles/cmTC_f88da.dir/CheckFunctionExists.c.o
[2/2] Linking C executable cmTC_f88da
FAILED: cmTC_f88da 
: && /usr/bin/gcc -DCHECK_FUNCTION_EXISTS=cheev_  CMakeFiles/cmTC_f88da.dir/CheckFunctionExists.c.o -o cmTC_f88da  /usr/lib/x86_64-linux-gnu/libblas.so  /usr/lib/x86_64-linux-gnu/libf77blas.so  /usr/lib/x86_64-linux-gnu/libatlas.so  -lpthread  -lm  -ldl && :
/usr/bin/ld: CMakeFiles/cmTC_f88da.dir/CheckFunctionExists.c.o: in function `main':
CheckFunctionExists.c:(.text+0x14): undefined reference to `cheev_'
collect2: error: ld returned 1 exit status
ninja: build stopped: subcommand failed.



Determining if the function cheev_ exists failed with the following output:
Change Dir: /home/song/Music/rv_detector/build/CMakeFiles/CMakeTmp

Run Build Command(s):/usr/bin/ninja cmTC_79cd5 && [1/2] Building C object CMakeFiles/cmTC_79cd5.dir/CheckFunctionExists.c.o
[2/2] Linking C executable cmTC_79cd5
FAILED: cmTC_79cd5 
: && /usr/bin/gcc -DCHECK_FUNCTION_EXISTS=cheev_  CMakeFiles/cmTC_79cd5.dir/CheckFunctionExists.c.o -o cmTC_79cd5  /usr/lib/x86_64-linux-gnu/liblapack.so  /usr/lib/x86_64-linux-gnu/libblas.so  /usr/lib/x86_64-linux-gnu/libf77blas.so  /usr/lib/x86_64-linux-gnu/libatlas.so  -fortranlibs && :
gcc: error: unrecognized command line option ‘-fortranlibs’
ninja: build stopped: subcommand failed.



